<?xml version="1.0" encoding="UTF-8"?>
<!-- Generated by org.testng.reporters.JUnitReportReporter -->
<testsuite hostname="Sam-workstation" name="testRunner.RunCuke" tests="1" failures="0" timestamp="15 Jul 2019 22:35:35 GMT" time="27.997" errors="0">
  <testcase name="runScenario" time="27.997" classname="testRunner.RunCuke"/>
</testsuite> <!-- testRunner.RunCuke -->
