<?xml version="1.0" encoding="UTF-8"?>
<!-- Generated by org.testng.reporters.JUnitReportReporter -->
<testsuite hostname="Sam-workstation" name="testRunner.RunCuke" tests="1" failures="0" timestamp="16 Jul 2019 12:35:38 GMT" time="15.069" errors="0">
  <testcase name="runScenario" time="15.069" classname="testRunner.RunCuke"/>
</testsuite> <!-- testRunner.RunCuke -->
